[2018-12-08T02:05:26.748] [INFO] default - [p 12566] Listening at port 3333
[2018-12-08T02:09:31.549] [INFO] default - [p 12780] Listening at port 3333
[2018-12-08T02:16:33.885] [INFO] default - [p 13349] Listening at port 3333
[2018-12-08T02:18:43.262] [INFO] default - [p 13481] Listening at port 3333
[2018-12-08T02:42:59.036] [INFO] default - [p 14588] Listening at port 3333
[2018-12-08T03:11:11.611] [INFO] default - [p 15995] Listening at port 3333
[2018-12-08T03:11:57.278] [INFO] default - [p 16042] Listening at port 3333
[2018-12-08T03:13:20.181] [INFO] default - [p 16121] Listening at port 3333
[2018-12-08T03:13:44.620] [INFO] default - [p 16160] Listening at port 3333
[2018-12-08T03:14:25.609] [INFO] default - [0mGET / [32m200 [0m6.267 ms - 4[0m
[2018-12-08T03:14:27.515] [INFO] default - [0mGET / [32m200 [0m1.035 ms - 4[0m
[2018-12-08T03:14:28.069] [INFO] default - [0mGET / [32m200 [0m0.547 ms - 4[0m
[2018-12-08T03:14:28.520] [INFO] default - [0mGET / [32m200 [0m0.414 ms - 4[0m
[2018-12-08T03:14:28.904] [INFO] default - [0mGET / [32m200 [0m0.286 ms - 4[0m
[2018-12-08T03:14:29.141] [INFO] default - [0mGET / [32m200 [0m0.253 ms - 4[0m
[2018-12-08T03:14:29.774] [INFO] default - [0mGET / [32m200 [0m0.326 ms - 4[0m
[2018-12-08T03:14:30.066] [INFO] default - [0mGET / [32m200 [0m0.343 ms - 4[0m
[2018-12-08T03:14:30.333] [INFO] default - [0mGET / [32m200 [0m0.330 ms - 4[0m
[2018-12-08T03:14:30.559] [INFO] default - [0mGET / [32m200 [0m0.348 ms - 4[0m
[2018-12-09T16:11:03.446] [INFO] default - [p 7248] Listening at port 3333
[2018-12-09T16:16:35.479] [INFO] default - [0mGET / [32m200 [0m8.660 ms - 4[0m
[2018-12-09T16:17:01.197] [INFO] default - [0mGET / [32m200 [0m0.589 ms - 4[0m
[2018-12-09T16:34:55.193] [INFO] default - [p 25812] Listening at port 3333
[2018-12-09T16:36:37.936] [INFO] default - [p 25916] Listening at port 3333
[2018-12-09T16:37:22.539] [INFO] default - [p 25957] Listening at port 3333
[2018-12-09T16:37:54.513] [INFO] default - [p 25984] Listening at port 3333
[2018-12-09T16:38:01.002] [INFO] default - [0mGET / [32m200 [0m5.400 ms - 16[0m
[2018-12-09T16:38:02.123] [INFO] default - [0mGET / [32m200 [0m0.605 ms - 16[0m
[2018-12-09T16:38:02.736] [INFO] default - [0mGET / [32m200 [0m0.568 ms - 16[0m
[2018-12-09T16:38:03.227] [INFO] default - [0mGET / [32m200 [0m0.249 ms - 16[0m
[2018-12-09T16:39:39.550] [INFO] default - [p 26143] Listening at port 3333
[2018-12-09T16:39:44.284] [INFO] default - [0mGET / [32m200 [0m6.343 ms - 16[0m
[2018-12-09T16:39:45.644] [INFO] default - [0mGET / [32m200 [0m1.125 ms - 16[0m
[2018-12-09T16:39:46.456] [INFO] default - [0mGET / [32m200 [0m0.702 ms - 16[0m
[2018-12-09T16:39:47.217] [INFO] default - [0mGET / [32m200 [0m0.744 ms - 16[0m
[2018-12-09T16:39:47.908] [INFO] default - [0mGET / [32m200 [0m0.515 ms - 16[0m
[2018-12-09T16:39:48.532] [INFO] default - [0mGET / [32m200 [0m0.452 ms - 16[0m
[2018-12-09T16:44:08.239] [INFO] default - [p 26276] Listening at port 3333
[2018-12-09T16:48:46.741] [INFO] default - [p 26417] Listening at port 3333
[2018-12-09T16:53:10.051] [INFO] default - [p 26541] Listening at port 3333
[2018-12-09T16:53:12.724] [INFO] default - [p 26566] Listening at port 3333
[2018-12-09T17:24:17.683] [INFO] default - [p 27175] Listening at port 3333
[2018-12-09T17:25:27.325] [INFO] default - [p 27213] Listening at port 3333
[2018-12-09T17:41:09.117] [INFO] default - [p 27509] Listening at port 3333
[2018-12-09T17:41:43.937] [INFO] default - [p 27534] Listening at port 3333
[2018-12-09T17:42:07.063] [INFO] default - [p 27580] Listening at port 3333
[2018-12-09T17:55:32.016] [INFO] default - [p 28051] Listening at port 3333
[2018-12-09T18:08:39.711] [INFO] default - [p 28446] Listening at port 3333
[2018-12-09T21:43:18.191] [INFO] default - [p 28956] Listening at port 3333
[2018-12-09T21:46:34.473] [INFO] default - [p 29034] Listening at port 3333
[2018-12-09T22:04:44.484] [INFO] default - [p 29790] Listening at port 3333
[2018-12-09T22:05:53.047] [INFO] default - [p 29822] Listening at port 3333
[2018-12-09T22:14:06.041] [INFO] default - [p 29990] Listening at port 3333
[2018-12-09T22:16:07.862] [INFO] default - [p 30032] Listening at port 3333
[2018-12-09T22:20:19.865] [INFO] default - [p 30122] Listening at port 3333
[2018-12-09T22:26:31.232] [INFO] default - [p 30260] Listening at port 3333
[2018-12-09T22:27:07.464] [INFO] default - [p 30300] Listening at port 3333
[2018-12-09T22:28:24.913] [INFO] default - [p 30355] Listening at port 3333
[2018-12-09T22:28:52.088] [INFO] default - [p 30383] Listening at port 3333
[2018-12-09T22:28:55.981] [ERROR] default - IncomingMessage {
  _readableState:
   ReadableState {
     objectMode: false,
     highWaterMark: 16384,
     buffer: BufferList { length: 0 },
     length: 0,
     pipes: null,
     pipesCount: 0,
     flowing: null,
     ended: false,
     endEmitted: false,
     reading: false,
     sync: true,
     needReadable: false,
     emittedReadable: false,
     readableListening: false,
     resumeScheduled: false,
     emitClose: true,
     destroyed: false,
     defaultEncoding: 'utf8',
     awaitDrain: 0,
     readingMore: true,
     decoder: null,
     encoding: null },
  readable: true,
  _events: {},
  _eventsCount: 0,
  _maxListeners: undefined,
  socket:
   Socket {
     connecting: false,
     _hadError: false,
     _handle:
      TCP {
        reading: true,
        owner: [Circular],
        onread: [Function: onread],
        onconnection: null,
        _consumed: true },
     _parent: null,
     _host: null,
     _readableState:
      ReadableState {
        objectMode: false,
        highWaterMark: 16384,
        buffer: BufferList { length: 0 },
        length: 0,
        pipes: null,
        pipesCount: 0,
        flowing: true,
        ended: false,
        endEmitted: false,
        reading: true,
        sync: false,
        needReadable: true,
        emittedReadable: false,
        readableListening: false,
        resumeScheduled: false,
        emitClose: false,
        destroyed: false,
        defaultEncoding: 'utf8',
        awaitDrain: 0,
        readingMore: false,
        decoder: null,
        encoding: null },
     readable: true,
     _events:
      { end: [Array],
        drain: [Array],
        timeout: [Function: socketOnTimeout],
        data: [Function: bound socketOnData],
        error: [Array],
        close: [Array],
        resume: [Function: onSocketResume],
        pause: [Function: onSocketPause] },
     _eventsCount: 8,
     _maxListeners: undefined,
     _writableState:
      WritableState {
        objectMode: false,
        highWaterMark: 16384,
        finalCalled: false,
        needDrain: false,
        ending: false,
        ended: false,
        finished: false,
        destroyed: false,
        decodeStrings: false,
        defaultEncoding: 'utf8',
        length: 0,
        writing: false,
        corked: 0,
        sync: true,
        bufferProcessing: false,
        onwrite: [Function: bound onwrite],
        writecb: null,
        writelen: 0,
        bufferedRequest: null,
        lastBufferedRequest: null,
        pendingcb: 0,
        prefinished: false,
        errorEmitted: false,
        emitClose: false,
        bufferedRequestCount: 0,
        corkedRequestsFree: [Object] },
     writable: true,
     allowHalfOpen: true,
     _sockname: null,
     _pendingData: null,
     _pendingEncoding: '',
     server:
      Server {
        _events: [Object],
        _eventsCount: 4,
        _maxListeners: undefined,
        _connections: 1,
        _handle: [TCP],
        _usingWorkers: false,
        _workers: [],
        _unref: false,
        allowHalfOpen: true,
        pauseOnConnect: false,
        httpAllowHalfOpen: false,
        timeout: 120000,
        keepAliveTimeout: 5000,
        _pendingResponseData: 0,
        maxHeadersCount: null,
        _connectionKey: '6::::3333',
        [Symbol(IncomingMessage)]: [Function],
        [Symbol(ServerResponse)]: [Function],
        [Symbol(asyncId)]: 7 },
     _server:
      Server {
        _events: [Object],
        _eventsCount: 4,
        _maxListeners: undefined,
        _connections: 1,
        _handle: [TCP],
        _usingWorkers: false,
        _workers: [],
        _unref: false,
        allowHalfOpen: true,
        pauseOnConnect: false,
        httpAllowHalfOpen: false,
        timeout: 120000,
        keepAliveTimeout: 5000,
        _pendingResponseData: 0,
        maxHeadersCount: null,
        _connectionKey: '6::::3333',
        [Symbol(IncomingMessage)]: [Function],
        [Symbol(ServerResponse)]: [Function],
        [Symbol(asyncId)]: 7 },
     parser:
      HTTPParser {
        '0': [Function: parserOnHeaders],
        '1': [Function: parserOnHeadersComplete],
        '2': [Function: parserOnBody],
        '3': [Function: parserOnMessageComplete],
        '4': [Function: bound onParserExecute],
        _headers: [],
        _url: '',
        _consumed: true,
        socket: [Circular],
        incoming: [Circular],
        outgoing: null,
        maxHeaderPairs: 2000,
        onIncoming: [Function: bound parserOnIncoming] },
     on: [Function: socketOnWrap],
     _paused: false,
     _httpMessage:
      ServerResponse {
        _events: [Object],
        _eventsCount: 2,
        _maxListeners: undefined,
        output: [],
        outputEncodings: [],
        outputCallbacks: [],
        outputSize: 0,
        writable: true,
        _last: false,
        chunkedEncoding: false,
        shouldKeepAlive: true,
        useChunkedEncodingByDefault: true,
        sendDate: true,
        _removedConnection: false,
        _removedContLen: false,
        _removedTE: false,
        _contentLength: null,
        _hasBody: true,
        _trailer: '',
        finished: false,
        _headerSent: false,
        socket: [Circular],
        connection: [Circular],
        _header: null,
        _onPendingData: [Function: bound updateOutgoingData],
        _sent100: false,
        _expect_continue: false,
        req: [Circular],
        locals: {},
        _startAt: undefined,
        _startTime: undefined,
        writeHead: [Function: writeHead],
        __onFinished: [Function],
        flush: [Function: flush],
        write: [Function: write],
        end: [Function: end],
        on: [Function: on],
        [Symbol(isCorked)]: false,
        [Symbol(outHeadersKey)]: null },
     _peername: { address: '::ffff:127.0.0.1', family: 'IPv6', port: 59866 },
     [Symbol(asyncId)]: 12,
     [Symbol(lastWriteQueueSize)]: 0,
     [Symbol(timeout)]:
      Timeout {
        _called: false,
        _idleTimeout: 120000,
        _idlePrev: [TimersList],
        _idleNext: [TimersList],
        _idleStart: 4610,
        _onTimeout: [Function: bound ],
        _timerArgs: undefined,
        _repeat: null,
        _destroyed: false,
        [Symbol(unrefed)]: true,
        [Symbol(asyncId)]: 13,
        [Symbol(triggerId)]: 12 },
     [Symbol(kBytesRead)]: 0,
     [Symbol(kBytesWritten)]: 0 },
  connection:
   Socket {
     connecting: false,
     _hadError: false,
     _handle:
      TCP {
        reading: true,
        owner: [Circular],
        onread: [Function: onread],
        onconnection: null,
        _consumed: true },
     _parent: null,
     _host: null,
     _readableState:
      ReadableState {
        objectMode: false,
        highWaterMark: 16384,
        buffer: BufferList { length: 0 },
        length: 0,
        pipes: null,
        pipesCount: 0,
        flowing: true,
        ended: false,
        endEmitted: false,
        reading: true,
        sync: false,
        needReadable: true,
        emittedReadable: false,
        readableListening: false,
        resumeScheduled: false,
        emitClose: false,
        destroyed: false,
        defaultEncoding: 'utf8',
        awaitDrain: 0,
        readingMore: false,
        decoder: null,
        encoding: null },
     readable: true,
     _events:
      { end: [Array],
        drain: [Array],
        timeout: [Function: socketOnTimeout],
        data: [Function: bound socketOnData],
        error: [Array],
        close: [Array],
        resume: [Function: onSocketResume],
        pause: [Function: onSocketPause] },
     _eventsCount: 8,
     _maxListeners: undefined,
     _writableState:
      WritableState {
        objectMode: false,
        highWaterMark: 16384,
        finalCalled: false,
        needDrain: false,
        ending: false,
        ended: false,
        finished: false,
        destroyed: false,
        decodeStrings: false,
        defaultEncoding: 'utf8',
        length: 0,
        writing: false,
        corked: 0,
        sync: true,
        bufferProcessing: false,
        onwrite: [Function: bound onwrite],
        writecb: null,
        writelen: 0,
        bufferedRequest: null,
        lastBufferedRequest: null,
        pendingcb: 0,
        prefinished: false,
        errorEmitted: false,
        emitClose: false,
        bufferedRequestCount: 0,
        corkedRequestsFree: [Object] },
     writable: true,
     allowHalfOpen: true,
     _sockname: null,
     _pendingData: null,
     _pendingEncoding: '',
     server:
      Server {
        _events: [Object],
        _eventsCount: 4,
        _maxListeners: undefined,
        _connections: 1,
        _handle: [TCP],
        _usingWorkers: false,
        _workers: [],
        _unref: false,
        allowHalfOpen: true,
        pauseOnConnect: false,
        httpAllowHalfOpen: false,
        timeout: 120000,
        keepAliveTimeout: 5000,
        _pendingResponseData: 0,
        maxHeadersCount: null,
        _connectionKey: '6::::3333',
        [Symbol(IncomingMessage)]: [Function],
        [Symbol(ServerResponse)]: [Function],
        [Symbol(asyncId)]: 7 },
     _server:
      Server {
        _events: [Object],
        _eventsCount: 4,
        _maxListeners: undefined,
        _connections: 1,
        _handle: [TCP],
        _usingWorkers: false,
        _workers: [],
        _unref: false,
        allowHalfOpen: true,
        pauseOnConnect: false,
        httpAllowHalfOpen: false,
        timeout: 120000,
        keepAliveTimeout: 5000,
        _pendingResponseData: 0,
        maxHeadersCount: null,
        _connectionKey: '6::::3333',
        [Symbol(IncomingMessage)]: [Function],
        [Symbol(ServerResponse)]: [Function],
        [Symbol(asyncId)]: 7 },
     parser:
      HTTPParser {
        '0': [Function: parserOnHeaders],
        '1': [Function: parserOnHeadersComplete],
        '2': [Function: parserOnBody],
        '3': [Function: parserOnMessageComplete],
        '4': [Function: bound onParserExecute],
        _headers: [],
        _url: '',
        _consumed: true,
        socket: [Circular],
        incoming: [Circular],
        outgoing: null,
        maxHeaderPairs: 2000,
        onIncoming: [Function: bound parserOnIncoming] },
     on: [Function: socketOnWrap],
     _paused: false,
     _httpMessage:
      ServerResponse {
        _events: [Object],
        _eventsCount: 2,
        _maxListeners: undefined,
        output: [],
        outputEncodings: [],
        outputCallbacks: [],
        outputSize: 0,
        writable: true,
        _last: false,
        chunkedEncoding: false,
        shouldKeepAlive: true,
        useChunkedEncodingByDefault: true,
        sendDate: true,
        _removedConnection: false,
        _removedContLen: false,
        _removedTE: false,
        _contentLength: null,
        _hasBody: true,
        _trailer: '',
        finished: false,
        _headerSent: false,
        socket: [Circular],
        connection: [Circular],
        _header: null,
        _onPendingData: [Function: bound updateOutgoingData],
        _sent100: false,
        _expect_continue: false,
        req: [Circular],
        locals: {},
        _startAt: undefined,
        _startTime: undefined,
        writeHead: [Function: writeHead],
        __onFinished: [Function],
        flush: [Function: flush],
        write: [Function: write],
        end: [Function: end],
        on: [Function: on],
        [Symbol(isCorked)]: false,
        [Symbol(outHeadersKey)]: null },
     _peername: { address: '::ffff:127.0.0.1', family: 'IPv6', port: 59866 },
     [Symbol(asyncId)]: 12,
     [Symbol(lastWriteQueueSize)]: 0,
     [Symbol(timeout)]:
      Timeout {
        _called: false,
        _idleTimeout: 120000,
        _idlePrev: [TimersList],
        _idleNext: [TimersList],
        _idleStart: 4610,
        _onTimeout: [Function: bound ],
        _timerArgs: undefined,
        _repeat: null,
        _destroyed: false,
        [Symbol(unrefed)]: true,
        [Symbol(asyncId)]: 13,
        [Symbol(triggerId)]: 12 },
     [Symbol(kBytesRead)]: 0,
     [Symbol(kBytesWritten)]: 0 },
  httpVersionMajor: 1,
  httpVersionMinor: 1,
  httpVersion: '1.1',
  complete: false,
  headers:
   { host: '127.0.0.1:3333',
     connection: 'keep-alive',
     'cache-control': 'no-cache',
     'user-agent':
      'Mozilla/5.0 (X11; Linux x86_64) AppleWebKit/537.36 (KHTML, like Gecko) Chrome/70.0.3538.110 Safari/537.36',
     'postman-token': '6c770ceb-85f0-9c22-615b-b0dfb9475dcc',
     accept: '*/*',
     'accept-encoding': 'gzip, deflate, br',
     'accept-language': 'uk,ru;q=0.9,en;q=0.8' },
  rawHeaders:
   [ 'Host',
     '127.0.0.1:3333',
     'Connection',
     'keep-alive',
     'Cache-Control',
     'no-cache',
     'User-Agent',
     'Mozilla/5.0 (X11; Linux x86_64) AppleWebKit/537.36 (KHTML, like Gecko) Chrome/70.0.3538.110 Safari/537.36',
     'Postman-Token',
     '6c770ceb-85f0-9c22-615b-b0dfb9475dcc',
     'Accept',
     '*/*',
     'Accept-Encoding',
     'gzip, deflate, br',
     'Accept-Language',
     'uk,ru;q=0.9,en;q=0.8' ],
  trailers: {},
  rawTrailers: [],
  aborted: false,
  upgrade: false,
  url: '/',
  method: 'GET',
  statusCode: null,
  statusMessage: null,
  client:
   Socket {
     connecting: false,
     _hadError: false,
     _handle:
      TCP {
        reading: true,
        owner: [Circular],
        onread: [Function: onread],
        onconnection: null,
        _consumed: true },
     _parent: null,
     _host: null,
     _readableState:
      ReadableState {
        objectMode: false,
        highWaterMark: 16384,
        buffer: BufferList { length: 0 },
        length: 0,
        pipes: null,
        pipesCount: 0,
        flowing: true,
        ended: false,
        endEmitted: false,
        reading: true,
        sync: false,
        needReadable: true,
        emittedReadable: false,
        readableListening: false,
        resumeScheduled: false,
        emitClose: false,
        destroyed: false,
        defaultEncoding: 'utf8',
        awaitDrain: 0,
        readingMore: false,
        decoder: null,
        encoding: null },
     readable: true,
     _events:
      { end: [Array],
        drain: [Array],
        timeout: [Function: socketOnTimeout],
        data: [Function: bound socketOnData],
        error: [Array],
        close: [Array],
        resume: [Function: onSocketResume],
        pause: [Function: onSocketPause] },
     _eventsCount: 8,
     _maxListeners: undefined,
     _writableState:
      WritableState {
        objectMode: false,
        highWaterMark: 16384,
        finalCalled: false,
        needDrain: false,
        ending: false,
        ended: false,
        finished: false,
        destroyed: false,
        decodeStrings: false,
        defaultEncoding: 'utf8',
        length: 0,
        writing: false,
        corked: 0,
        sync: true,
        bufferProcessing: false,
        onwrite: [Function: bound onwrite],
        writecb: null,
        writelen: 0,
        bufferedRequest: null,
        lastBufferedRequest: null,
        pendingcb: 0,
        prefinished: false,
        errorEmitted: false,
        emitClose: false,
        bufferedRequestCount: 0,
        corkedRequestsFree: [Object] },
     writable: true,
     allowHalfOpen: true,
     _sockname: null,
     _pendingData: null,
     _pendingEncoding: '',
     server:
      Server {
        _events: [Object],
        _eventsCount: 4,
        _maxListeners: undefined,
        _connections: 1,
        _handle: [TCP],
        _usingWorkers: false,
        _workers: [],
        _unref: false,
        allowHalfOpen: true,
        pauseOnConnect: false,
        httpAllowHalfOpen: false,
        timeout: 120000,
        keepAliveTimeout: 5000,
        _pendingResponseData: 0,
        maxHeadersCount: null,
        _connectionKey: '6::::3333',
        [Symbol(IncomingMessage)]: [Function],
        [Symbol(ServerResponse)]: [Function],
        [Symbol(asyncId)]: 7 },
     _server:
      Server {
        _events: [Object],
        _eventsCount: 4,
        _maxListeners: undefined,
        _connections: 1,
        _handle: [TCP],
        _usingWorkers: false,
        _workers: [],
        _unref: false,
        allowHalfOpen: true,
        pauseOnConnect: false,
        httpAllowHalfOpen: false,
        timeout: 120000,
        keepAliveTimeout: 5000,
        _pendingResponseData: 0,
        maxHeadersCount: null,
        _connectionKey: '6::::3333',
        [Symbol(IncomingMessage)]: [Function],
        [Symbol(ServerResponse)]: [Function],
        [Symbol(asyncId)]: 7 },
     parser:
      HTTPParser {
        '0': [Function: parserOnHeaders],
        '1': [Function: parserOnHeadersComplete],
        '2': [Function: parserOnBody],
        '3': [Function: parserOnMessageComplete],
        '4': [Function: bound onParserExecute],
        _headers: [],
        _url: '',
        _consumed: true,
        socket: [Circular],
        incoming: [Circular],
        outgoing: null,
        maxHeaderPairs: 2000,
        onIncoming: [Function: bound parserOnIncoming] },
     on: [Function: socketOnWrap],
     _paused: false,
     _httpMessage:
      ServerResponse {
        _events: [Object],
        _eventsCount: 2,
        _maxListeners: undefined,
        output: [],
        outputEncodings: [],
        outputCallbacks: [],
        outputSize: 0,
        writable: true,
        _last: false,
        chunkedEncoding: false,
        shouldKeepAlive: true,
        useChunkedEncodingByDefault: true,
        sendDate: true,
        _removedConnection: false,
        _removedContLen: false,
        _removedTE: false,
        _contentLength: null,
        _hasBody: true,
        _trailer: '',
        finished: false,
        _headerSent: false,
        socket: [Circular],
        connection: [Circular],
        _header: null,
        _onPendingData: [Function: bound updateOutgoingData],
        _sent100: false,
        _expect_continue: false,
        req: [Circular],
        locals: {},
        _startAt: undefined,
        _startTime: undefined,
        writeHead: [Function: writeHead],
        __onFinished: [Function],
        flush: [Function: flush],
        write: [Function: write],
        end: [Function: end],
        on: [Function: on],
        [Symbol(isCorked)]: false,
        [Symbol(outHeadersKey)]: null },
     _peername: { address: '::ffff:127.0.0.1', family: 'IPv6', port: 59866 },
     [Symbol(asyncId)]: 12,
     [Symbol(lastWriteQueueSize)]: 0,
     [Symbol(timeout)]:
      Timeout {
        _called: false,
        _idleTimeout: 120000,
        _idlePrev: [TimersList],
        _idleNext: [TimersList],
        _idleStart: 4610,
        _onTimeout: [Function: bound ],
        _timerArgs: undefined,
        _repeat: null,
        _destroyed: false,
        [Symbol(unrefed)]: true,
        [Symbol(asyncId)]: 13,
        [Symbol(triggerId)]: 12 },
     [Symbol(kBytesRead)]: 0,
     [Symbol(kBytesWritten)]: 0 },
  _consuming: false,
  _dumped: false,
  next: [Function: next],
  baseUrl: '',
  originalUrl: '/',
  _parsedUrl:
   Url {
     protocol: null,
     slashes: null,
     auth: null,
     host: null,
     port: null,
     hostname: null,
     hash: null,
     search: null,
     query: null,
     pathname: '/',
     path: '/',
     href: '/',
     _raw: '/' },
  params: {},
  query: {},
  res:
   ServerResponse {
     _events: { finish: [Array], end: [Function: onevent] },
     _eventsCount: 2,
     _maxListeners: undefined,
     output: [],
     outputEncodings: [],
     outputCallbacks: [],
     outputSize: 0,
     writable: true,
     _last: false,
     chunkedEncoding: false,
     shouldKeepAlive: true,
     useChunkedEncodingByDefault: true,
     sendDate: true,
     _removedConnection: false,
     _removedContLen: false,
     _removedTE: false,
     _contentLength: null,
     _hasBody: true,
     _trailer: '',
     finished: false,
     _headerSent: false,
     socket:
      Socket {
        connecting: false,
        _hadError: false,
        _handle: [TCP],
        _parent: null,
        _host: null,
        _readableState: [ReadableState],
        readable: true,
        _events: [Object],
        _eventsCount: 8,
        _maxListeners: undefined,
        _writableState: [WritableState],
        writable: true,
        allowHalfOpen: true,
        _sockname: null,
        _pendingData: null,
        _pendingEncoding: '',
        server: [Server],
        _server: [Server],
        parser: [HTTPParser],
        on: [Function: socketOnWrap],
        _paused: false,
        _httpMessage: [Circular],
        _peername: [Object],
        [Symbol(asyncId)]: 12,
        [Symbol(lastWriteQueueSize)]: 0,
        [Symbol(timeout)]: [Timeout],
        [Symbol(kBytesRead)]: 0,
        [Symbol(kBytesWritten)]: 0 },
     connection:
      Socket {
        connecting: false,
        _hadError: false,
        _handle: [TCP],
        _parent: null,
        _host: null,
        _readableState: [ReadableState],
        readable: true,
        _events: [Object],
        _eventsCount: 8,
        _maxListeners: undefined,
        _writableState: [WritableState],
        writable: true,
        allowHalfOpen: true,
        _sockname: null,
        _pendingData: null,
        _pendingEncoding: '',
        server: [Server],
        _server: [Server],
        parser: [HTTPParser],
        on: [Function: socketOnWrap],
        _paused: false,
        _httpMessage: [Circular],
        _peername: [Object],
        [Symbol(asyncId)]: 12,
        [Symbol(lastWriteQueueSize)]: 0,
        [Symbol(timeout)]: [Timeout],
        [Symbol(kBytesRead)]: 0,
        [Symbol(kBytesWritten)]: 0 },
     _header: null,
     _onPendingData: [Function: bound updateOutgoingData],
     _sent100: false,
     _expect_continue: false,
     req: [Circular],
     locals: {},
     _startAt: undefined,
     _startTime: undefined,
     writeHead: [Function: writeHead],
     __onFinished: { [Function: listener] queue: [Array] },
     flush: [Function: flush],
     write: [Function: write],
     end: [Function: end],
     on: [Function: on],
     [Symbol(isCorked)]: false,
     [Symbol(outHeadersKey)]: null },
  _startAt: [ 10516, 806958614 ],
  _startTime: 2018-12-09T20:28:55.980Z,
  _remoteAddress: '::ffff:127.0.0.1' }
[2018-12-09T22:28:56.096] [INFO] default - [0mGET / [31m500 [0m101.275 ms - -[0m
[2018-12-09T22:30:55.580] [INFO] default - [p 30468] Listening at port 3333
[2018-12-09T22:31:33.685] [INFO] default - [p 30509] Listening at port 3333
[2018-12-09T22:31:45.758] [INFO] default - [0mGET / [33m404 [0m11.058 ms - 139[0m
[2018-12-09T22:32:22.201] [INFO] default - [0mGET /api/v1 [32m200 [0m6.466 ms - 37[0m
[2018-12-09T22:35:40.157] [INFO] default - [0mGET /q [33m404 [0m1.147 ms - 140[0m
[2018-12-09T22:35:41.283] [INFO] default - [0mGET /q [33m404 [0m0.935 ms - 140[0m
[2018-12-09T22:35:42.055] [INFO] default - [0mGET /q [33m404 [0m0.957 ms - 140[0m
[2018-12-09T23:10:30.026] [INFO] default - [p 31445] Listening at port 3333
[2018-12-09T23:10:59.062] [INFO] default - [0mGET /q [33m404 [0m8.069 ms - 140[0m
[2018-12-09T23:11:06.442] [INFO] default - [0mGET /api/v1 [32m200 [0m3.862 ms - 40[0m
[2018-12-10T22:42:05.625] [INFO] default - [p 6250] Listening at port 3333
[2018-12-10T22:43:21.565] [INFO] default - [0mGET /api/v1 [32m200 [0m7.822 ms - 40[0m
[2018-12-10T22:43:37.690] [INFO] default - [0mGET /api/v2 [33m404 [0m4.145 ms - 145[0m
[2018-12-10T22:48:11.483] [INFO] default - [0mGET /api/v2 [33m404 [0m1.365 ms - 145[0m
[2018-12-10T22:48:12.551] [INFO] default - [0mGET /api/v2 [33m404 [0m0.956 ms - 145[0m
[2018-12-10T22:48:13.332] [INFO] default - [0mGET /api/v2 [33m404 [0m1.415 ms - 145[0m
[2018-12-10T22:55:17.027] [INFO] default - [p 7288] Listening at port 3333
[2018-12-10T23:01:09.294] [INFO] default - [p 7437] Listening at port 3333
[2018-12-10T23:01:16.714] [INFO] default - [0mGET /api/v2 [33m404 [0m6.848 ms - 145[0m
[2018-12-10T23:02:14.056] [INFO] default - [p 7508] Listening at port 3333
[2018-12-10T23:03:40.895] [INFO] default - [p 7558] Listening at port 3333
[2018-12-10T23:03:54.938] [INFO] default - [0mGET /api/v2 [33m404 [0m11.679 ms - 145[0m
[2018-12-10T23:04:35.323] [INFO] default - [p 7602] Listening at port 3333
[2018-12-10T23:04:42.876] [INFO] default - [0mGET /api/v2 [33m404 [0m6.372 ms - 65[0m
[2018-12-10T23:05:19.017] [INFO] default - [0mGET /api/v1/ [33m404 [0m1.205 ms - 65[0m
[2018-12-10T23:05:24.287] [INFO] default - [0mGET /api/v1 [33m404 [0m0.579 ms - 65[0m
[2018-12-10T23:05:25.244] [INFO] default - [0mGET /api/v1 [33m404 [0m0.476 ms - 65[0m
[2018-12-10T23:05:26.241] [INFO] default - [0mGET /api/v1 [33m404 [0m0.478 ms - 65[0m
[2018-12-10T23:05:27.007] [INFO] default - [0mGET /api/v1 [33m404 [0m0.762 ms - 65[0m
[2018-12-10T23:05:34.917] [INFO] default - [0mGET / [33m404 [0m0.312 ms - 65[0m
[2018-12-10T23:05:35.704] [INFO] default - [0mGET / [33m404 [0m0.367 ms - 65[0m
[2018-12-10T23:05:36.590] [INFO] default - [0mGET / [33m404 [0m0.467 ms - 65[0m
[2018-12-10T23:06:12.120] [INFO] default - [p 7661] Listening at port 3333
[2018-12-10T23:06:25.274] [INFO] default - [0mGET / [33m404 [0m6.453 ms - 65[0m
[2018-12-10T23:06:26.135] [INFO] default - [0mGET / [33m404 [0m1.118 ms - 65[0m
[2018-12-10T23:06:33.898] [INFO] default - [0mGET /api/v1 [32m200 [0m1.625 ms - 40[0m
[2018-12-10T23:06:37.032] [INFO] default - [0mGET /api/v1 [32m200 [0m0.717 ms - 40[0m
[2018-12-10T23:06:37.700] [INFO] default - [0mGET /api/v1 [32m200 [0m0.516 ms - 40[0m
[2018-12-10T23:06:38.468] [INFO] default - [0mGET /api/v1 [32m200 [0m0.835 ms - 40[0m
[2018-12-10T23:06:38.797] [INFO] default - [0mGET /api/v1 [32m200 [0m0.540 ms - 40[0m
[2018-12-10T23:07:42.724] [INFO] default - [0mGET /api/v1/ [32m200 [0m0.372 ms - 40[0m
[2018-12-10T23:07:43.856] [INFO] default - [0mGET /api/v1/ [32m200 [0m0.349 ms - 40[0m
[2018-12-10T23:07:51.229] [INFO] default - [0mGET /api/v2 [33m404 [0m0.696 ms - 65[0m
[2018-12-10T23:07:52.210] [INFO] default - [0mGET /api/v2 [33m404 [0m0.421 ms - 65[0m
[2018-12-10T23:07:57.608] [INFO] default - [0mGET /api/v1 [32m200 [0m0.314 ms - 40[0m
[2018-12-10T23:07:59.085] [INFO] default - [0mGET /api/v1 [32m200 [0m0.456 ms - 40[0m
[2018-12-10T23:08:16.695] [INFO] default - [0mGET /api/v1 [32m200 [0m0.458 ms - 40[0m
[2018-12-10T23:13:36.826] [INFO] default - [p 7834] Listening at port 3333
[2018-12-10T23:18:11.276] [INFO] default - [p 7976] Listening at port 3333
[2018-12-10T23:20:38.763] [INFO] default - [p 8034] Listening at port 3333
[2018-12-10T23:35:04.058] [INFO] default - [p 8265] Listening at port 3333
[2018-12-10T23:37:34.051] [INFO] default - [p 8320] Listening at port 3333
[2018-12-10T23:40:28.696] [INFO] default - [p 8428] Listening at port 3333
[2018-12-10T23:40:33.393] [INFO] default - [0mGET /api/v1 [32m200 [0m10.229 ms - 40[0m
[2018-12-10T23:42:29.887] [INFO] default - [p 8486] Listening at port 3333
[2018-12-10T23:42:34.914] [INFO] default - [0mGET /api/v1 [32m200 [0m10.350 ms - 40[0m
[2018-12-12T22:53:07.021] [INFO] default - [p 7598] Listening at port 3333
[2018-12-12T22:55:15.709] [INFO] default - [p 7677] Listening at port 3333
[2018-12-12T22:55:46.211] [INFO] default - Module [GraphqlModule] registered successfully
[2018-12-12T22:55:46.222] [INFO] default - [p 7725] Listening at port 3333
[2018-12-12T22:56:16.134] [INFO] default - [0mGET /api/v1 [32m200 [0m7.863 ms - 40[0m
[2018-12-12T22:56:16.603] [INFO] default - [0mGET /favicon.ico [33m404 [0m1.867 ms - 65[0m
[2018-12-12T22:56:39.551] [INFO] default - [0mGET /api/v1/graphql [32m200 [0m27.820 ms - -[0m
[2018-12-12T22:56:40.800] [INFO] default - [0mPOST /api/v1/graphql? [31m500 [0m40.021 ms - 60[0m
[2018-12-12T22:56:40.845] [INFO] default - [0mPOST /api/v1/graphql? [31m500 [0m2.031 ms - 60[0m
[2018-12-12T22:59:56.343] [INFO] default - Module [GraphqlModule] registered successfully
[2018-12-12T22:59:56.360] [INFO] default - [p 7889] Listening at port 3333
[2018-12-12T23:00:07.350] [INFO] default - [0mGET /api/v1/graphql [32m200 [0m20.935 ms - -[0m
[2018-12-12T23:00:08.185] [INFO] default - [0mPOST /api/v1/graphql? [31m500 [0m30.208 ms - 60[0m
[2018-12-12T23:00:08.257] [INFO] default - [0mPOST /api/v1/graphql? [31m500 [0m1.550 ms - 60[0m
[2018-12-12T23:09:15.383] [INFO] default - Module [GraphqlModule] registered successfully
[2018-12-12T23:09:15.403] [INFO] default - [p 8332] Listening at port 3333
[2018-12-12T23:11:12.354] [INFO] default - Module [GraphqlModule] registered successfully
[2018-12-12T23:11:12.375] [INFO] default - [p 8414] Listening at port 3333
[2018-12-12T23:11:27.736] [INFO] default - [0mGET /api/v1/graphql/ [32m200 [0m30.780 ms - -[0m
[2018-12-12T23:11:28.409] [INFO] default - [0mPOST /api/v1/graphql/? [31m500 [0m44.560 ms - 60[0m
[2018-12-12T23:11:28.473] [INFO] default - [0mPOST /api/v1/graphql/? [31m500 [0m6.880 ms - 60[0m
[2018-12-12T23:15:10.865] [INFO] default - Module [GraphqlModule] registered successfully
[2018-12-12T23:15:10.877] [INFO] default - [p 8780] Listening at port 3333
[2018-12-12T23:15:18.070] [INFO] default - [0mGET /api/v1/graphql [32m200 [0m25.390 ms - -[0m
[2018-12-12T23:15:18.811] [INFO] default - [0mPOST /api/v1/graphql? [31m500 [0m25.309 ms - 60[0m
[2018-12-12T23:15:18.884] [INFO] default - [0mPOST /api/v1/graphql? [31m500 [0m2.449 ms - 60[0m
[2018-12-12T23:15:23.991] [INFO] default - [0mGET /api/v1/graphql/ [32m200 [0m1.388 ms - -[0m
[2018-12-12T23:15:24.446] [INFO] default - [0mPOST /api/v1/graphql/? [31m500 [0m2.143 ms - 60[0m
[2018-12-12T23:15:24.566] [INFO] default - [0mPOST /api/v1/graphql/? [31m500 [0m1.465 ms - 60[0m
[2018-12-12T23:17:53.225] [INFO] default - [0mPOST /api/v1/graphql/? [31m500 [0m2.329 ms - 60[0m
[2018-12-12T23:17:55.200] [INFO] default - [0mPOST /api/v1/graphql/? [31m500 [0m1.980 ms - 60[0m
[2018-12-12T23:18:00.696] [INFO] default - [0mPOST /api/v1/graphql/? [31m500 [0m1.701 ms - 60[0m
[2018-12-12T23:18:34.226] [INFO] default - Module [GraphqlModule] registered successfully
[2018-12-12T23:18:34.238] [INFO] default - [p 8985] Listening at port 3333
[2018-12-12T23:18:42.617] [INFO] default - [0mPOST /api/v1/graphql/? [31m500 [0m37.951 ms - 60[0m
[2018-12-12T23:18:43.564] [INFO] default - [0mPOST /api/v1/graphql/? [31m500 [0m2.000 ms - 60[0m
[2018-12-12T23:18:44.111] [INFO] default - [0mPOST /api/v1/graphql/? [31m500 [0m1.922 ms - 60[0m
[2018-12-12T23:18:44.305] [INFO] default - [0mPOST /api/v1/graphql/? [31m500 [0m1.700 ms - 60[0m
[2018-12-12T23:18:52.534] [INFO] default - [0mPOST /api/v1/graphql/? [31m500 [0m2.745 ms - 60[0m
[2018-12-12T23:18:53.265] [INFO] default - [0mPOST /api/v1/graphql/? [31m500 [0m1.654 ms - 60[0m
[2018-12-12T23:18:53.677] [INFO] default - [0mPOST /api/v1/graphql/? [31m500 [0m1.745 ms - 60[0m
[2018-12-12T23:32:26.201] [INFO] default - Module [GraphqlModule] registered successfully
[2018-12-12T23:32:26.212] [INFO] default - [p 9396] Listening at port 3333
[2018-12-12T23:32:35.742] [INFO] default - [0mGET /api/v1/graphql/?query=%7B%0A%20%20message%0A%7D%0A [31m500 [0m24.506 ms - -[0m
[2018-12-12T23:32:36.320] [INFO] default - [0mPOST /api/v1/graphql/? [31m500 [0m26.937 ms - 90[0m
[2018-12-12T23:32:36.408] [INFO] default - [0mPOST /api/v1/graphql/? [31m500 [0m1.994 ms - 90[0m
[2018-12-12T23:32:57.560] [INFO] default - [0mPOST /api/v1/graphql/? [31m500 [0m1.511 ms - 90[0m
[2018-12-12T23:32:58.370] [INFO] default - [0mPOST /api/v1/graphql/? [31m500 [0m1.906 ms - 90[0m
[2018-12-12T23:36:34.052] [INFO] default - Module [GraphqlModule] registered successfully
[2018-12-12T23:36:34.063] [INFO] default - [p 9524] Listening at port 3333
[2018-12-12T23:36:41.987] [INFO] default - [0mPOST /api/v1/graphql/? [32m200 [0m53.717 ms - 36[0m
[2018-12-12T23:36:45.876] [INFO] default - [0mPOST /api/v1/graphql/? [32m200 [0m4.674 ms - 36[0m
[2018-12-12T23:36:46.454] [INFO] default - [0mPOST /api/v1/graphql/? [32m200 [0m2.229 ms - 36[0m
[2018-12-12T23:36:46.637] [INFO] default - [0mPOST /api/v1/graphql/? [32m200 [0m1.929 ms - 36[0m
[2018-12-12T23:36:47.219] [INFO] default - [0mPOST /api/v1/graphql/? [32m200 [0m2.053 ms - 36[0m
[2018-12-12T23:36:47.416] [INFO] default - [0mPOST /api/v1/graphql/? [32m200 [0m1.996 ms - 36[0m
[2018-12-12T23:36:58.675] [INFO] default - Module [GraphqlModule] registered successfully
[2018-12-12T23:36:58.691] [INFO] default - [p 9563] Listening at port 3333
[2018-12-12T23:37:04.694] [INFO] default - [0mPOST /api/v1/graphql/? [32m200 [0m54.861 ms - 39[0m
[2018-12-12T23:37:05.364] [INFO] default - [0mPOST /api/v1/graphql/? [32m200 [0m5.950 ms - 39[0m
[2018-12-12T23:37:05.792] [INFO] default - [0mPOST /api/v1/graphql/? [32m200 [0m1.408 ms - 39[0m
[2018-12-12T23:37:05.968] [INFO] default - [0mPOST /api/v1/graphql/? [32m200 [0m2.285 ms - 39[0m
[2018-12-23T22:14:20.909] [INFO] default - Module [GraphqlModule] registered successfully
[2018-12-23T22:14:20.925] [INFO] default - [p 8153] Listening at port 3333
[2018-12-23T22:14:33.867] [INFO] default - [0mGET /api/v1/graphql/?query=%7B%0A%20%20hello%0A%7D%0A [32m200 [0m66.912 ms - -[0m
[2018-12-23T22:14:34.779] [INFO] default - [0mPOST /api/v1/graphql/? [32m200 [0m76.992 ms - -[0m
[2018-12-23T22:14:34.890] [INFO] default - [0mGET /favicon.ico [33m404 [0m1.232 ms - 65[0m
[2018-12-23T22:14:42.376] [INFO] default - [0mPOST /api/v1/graphql/? [32m200 [0m4.679 ms - 39[0m
[2018-12-23T22:21:25.996] [INFO] default - Module [GraphqlModule] registered successfully
[2018-12-23T22:21:26.012] [INFO] default - [p 8325] Listening at port 3333
[2018-12-23T22:21:35.419] [INFO] default - [0mPOST /api/v1/graphql/? [31m500 [0m36.873 ms - 184[0m
[2018-12-23T22:23:47.706] [INFO] default - Module [GraphqlModule] registered successfully
[2018-12-23T22:23:47.717] [INFO] default - [p 8414] Listening at port 3333
[2018-12-23T22:23:51.321] [INFO] default - [0mPOST /api/v1/graphql/? [33m400 [0m54.107 ms - 110[0m
[2018-12-23T22:24:20.175] [INFO] default - [0mPOST /api/v1/graphql/? [32m200 [0m11.929 ms - 27[0m
[2018-12-23T22:24:33.932] [INFO] default - [0mPOST /api/v1/graphql/? [32m200 [0m3.687 ms - 48[0m
[2018-12-23T22:24:39.993] [INFO] default - [0mPOST /api/v1/graphql/? [32m200 [0m2.531 ms - 48[0m
[2018-12-23T22:43:55.113] [INFO] default - Module [GraphqlModule] registered successfully
[2018-12-23T22:43:55.129] [INFO] default - [p 8794] Listening at port 3333
[2018-12-23T22:44:34.222] [INFO] default - [0mPOST /api/v1/graphql/? [32m200 [0m49.918 ms - 33[0m
[2018-12-23T22:54:09.892] [INFO] default - Module [GraphqlModule] registered successfully
[2018-12-23T22:54:09.908] [INFO] default - [p 9017] Listening at port 3333
[2018-12-23T22:55:33.199] [INFO] default - Module [GraphqlModule] registered successfully
[2018-12-23T22:55:33.210] [INFO] default - [p 9056] Listening at port 3333
[2018-12-23T22:58:15.433] [INFO] default - Module [GraphqlModule] registered successfully
[2018-12-23T22:58:15.449] [INFO] default - [p 9135] Listening at port 3333
[2018-12-23T22:59:44.177] [INFO] default - Module [GraphqlModule] registered successfully
[2018-12-23T22:59:44.188] [INFO] default - [p 9166] Listening at port 3333
[2018-12-23T23:10:35.058] [INFO] default - [0mPOST /api/v1/graphql/? [32m200 [0m59.098 ms - 41[0m
[2018-12-23T23:11:19.100] [INFO] default - [0mPOST /api/v1/graphql/? [32m200 [0m6.174 ms - 41[0m
[2018-12-23T23:11:21.153] [INFO] default - [0mPOST /api/v1/graphql/? [32m200 [0m4.427 ms - 41[0m
[2018-12-23T23:12:17.936] [INFO] default - [0mPOST /api/v1/graphql/? [32m200 [0m2.328 ms - 41[0m
[2018-12-23T23:12:19.864] [INFO] default - [0mPOST /api/v1/graphql/? [32m200 [0m4.525 ms - 41[0m
[2018-12-23T23:13:12.281] [INFO] default - [0mPOST /api/v1/graphql/? [32m200 [0m2.017 ms - 41[0m
[2018-12-23T23:14:46.221] [INFO] default - [0mPOST /api/v1/graphql/? [31m500 [0m3.686 ms - 128[0m
[2018-12-23T23:15:02.043] [INFO] default - [0mPOST /api/v1/graphql/? [32m200 [0m2.614 ms - 41[0m
[2018-12-23T23:16:36.699] [INFO] default - [0mPOST /api/v1/graphql/? [32m200 [0m2.925 ms - 41[0m
[2018-12-23T23:20:38.436] [INFO] default - [0mPOST /api/v1/graphql/? [33m400 [0m1.799 ms - 97[0m
[2018-12-23T23:24:00.478] [INFO] default - [0mPOST /api/v1/graphql/? [33m400 [0m2.163 ms - 165[0m
[2018-12-23T23:24:17.624] [INFO] default - [0mPOST /api/v1/graphql/? [32m200 [0m2.793 ms - 69[0m
[2018-12-23T23:25:03.911] [INFO] default - [0mPOST /api/v1/graphql/? [32m200 [0m4.810 ms - 41[0m
[2018-12-23T23:25:09.903] [INFO] default - [0mPOST /api/v1/graphql/? [32m200 [0m2.615 ms - 41[0m
[2018-12-23T23:25:11.831] [INFO] default - [0mPOST /api/v1/graphql/? [32m200 [0m3.969 ms - 41[0m
[2018-12-23T23:26:08.971] [INFO] default - Module [GraphqlModule] registered successfully
[2018-12-23T23:26:08.987] [INFO] default - [p 9920] Listening at port 3333
[2018-12-23T23:26:15.240] [INFO] default - [0mPOST /api/v1/graphql/? [32m200 [0m53.371 ms - 117[0m
[2018-12-23T23:26:41.935] [INFO] default - Module [GraphqlModule] registered successfully
[2018-12-23T23:26:41.947] [INFO] default - [p 9952] Listening at port 3333
[2018-12-23T23:26:45.687] [INFO] default - [0mPOST /api/v1/graphql/? [32m200 [0m50.453 ms - 41[0m
[2018-12-23T23:27:53.721] [INFO] default - Module [GraphqlModule] registered successfully
[2018-12-23T23:27:53.736] [INFO] default - [p 9995] Listening at port 3333
[2018-12-23T23:28:00.024] [INFO] default - [0mPOST /api/v1/graphql/? [32m200 [0m52.196 ms - 119[0m
[2018-12-23T23:28:10.222] [INFO] default - Module [GraphqlModule] registered successfully
[2018-12-23T23:28:10.238] [INFO] default - [p 10026] Listening at port 3333
[2018-12-23T23:28:14.435] [INFO] default - [0mPOST /api/v1/graphql/? [32m200 [0m55.299 ms - 41[0m
[2018-12-23T23:30:50.974] [INFO] default - Module [GraphqlModule] registered successfully
[2018-12-23T23:30:50.985] [INFO] default - [p 10167] Listening at port 3333
[2018-12-23T23:30:54.574] [INFO] default - Module [GraphqlModule] registered successfully
[2018-12-23T23:30:54.585] [INFO] default - [p 10189] Listening at port 3333
[2018-12-23T23:31:02.550] [INFO] default - [0mPOST /api/v1/graphql/? [32m200 [0m46.606 ms - 43[0m
[2018-12-23T23:31:10.606] [INFO] default - [0mPOST /api/v1/graphql/? [32m200 [0m6.032 ms - 40[0m
[2018-12-30T18:48:49.045] [INFO] default - Module [GraphqlModule] registered successfully
[2018-12-30T18:48:49.056] [INFO] default - [p 8800] Listening at port 3333
[2018-12-30T18:50:29.094] [INFO] default - [0mGET /api/v1/graphql [32m200 [0m50.392 ms - -[0m
[2018-12-30T18:50:29.932] [INFO] default - [0mPOST /api/v1/graphql? [31m500 [0m66.398 ms - 146[0m
[2018-12-30T18:50:29.952] [INFO] default - [0mPOST /api/v1/graphql? [31m500 [0m1.374 ms - 146[0m
[2018-12-30T18:50:30.039] [INFO] default - [0mGET /favicon.ico [33m404 [0m1.258 ms - 65[0m
[2018-12-30T18:50:47.651] [INFO] default - [0mPOST /api/v1/graphql? [31m500 [0m2.517 ms - 146[0m
[2018-12-30T18:56:12.195] [INFO] default - Module [GraphqlModule] registered successfully
[2018-12-30T18:56:12.211] [INFO] default - [p 9158] Listening at port 3333
[2018-12-30T18:58:42.648] [INFO] default - [0mGET /api/v1/graphql [32m200 [0m20.454 ms - -[0m
[2018-12-30T18:58:43.403] [INFO] default - [0mPOST /api/v1/graphql? [31m500 [0m24.860 ms - 146[0m
[2018-12-30T18:58:43.500] [INFO] default - [0mPOST /api/v1/graphql? [31m500 [0m1.569 ms - 146[0m
[2018-12-30T18:59:37.577] [INFO] default - Module [GraphqlModule] registered successfully
[2018-12-30T18:59:37.592] [INFO] default - [p 9420] Listening at port 3333
[2018-12-30T19:05:02.635] [INFO] default - Module [GraphqlModule] registered successfully
[2018-12-30T19:05:02.646] [INFO] default - [p 9604] Listening at port 3333
[2018-12-30T19:05:08.076] [INFO] default - [0mGET /api/v1/graphql [32m200 [0m17.926 ms - -[0m
[2018-12-30T19:05:08.692] [INFO] default - [0mPOST /api/v1/graphql? [32m200 [0m77.026 ms - -[0m
[2018-12-30T19:06:40.106] [INFO] default - [0mPOST /api/v1/graphql? [33m400 [0m5.258 ms - 100[0m
[2018-12-30T19:07:07.239] [INFO] default - [0mPOST /api/v1/graphql? [32m200 [0m6.469 ms - 69[0m
[2018-12-30T19:09:07.222] [INFO] default - [0mPOST /api/v1/graphql? [32m200 [0m5.668 ms - 43[0m
[2018-12-30T19:09:15.658] [INFO] default - [0mPOST /api/v1/graphql? [32m200 [0m5.250 ms - 40[0m
